  Proj1.cpp
C:\WorkSpace\Chunika.D.D-Repos\Lab2\Proj1\Proj1\Proj1.cpp(18,10): warning C4477: "scanf_s": в строке форматирования "%s" требуется аргумент типа "unsigned int", но вариативный аргумент "2" имеет тип "char *"
C:\WorkSpace\Chunika.D.D-Repos\Lab2\Proj1\Proj1\Proj1.cpp(18,10): message : этот аргумент используется в качестве размера буфера
C:\WorkSpace\Chunika.D.D-Repos\Lab2\Proj1\Proj1\Proj1.cpp(18,10): warning C4477: "scanf_s": в строке форматирования "%c" требуется аргумент типа "char *", но вариативный аргумент "3" имеет тип "unsigned short *"
C:\WorkSpace\Chunika.D.D-Repos\Lab2\Proj1\Proj1\Proj1.cpp(18,10): message : этот аргумент используется описателем преобразования
C:\WorkSpace\Chunika.D.D-Repos\Lab2\Proj1\Proj1\Proj1.cpp(18,10): warning C4477: "scanf_s": в строке форматирования "%c" требуется аргумент типа "unsigned int", но вариативный аргумент "4" имеет тип "float *"
C:\WorkSpace\Chunika.D.D-Repos\Lab2\Proj1\Proj1\Proj1.cpp(18,10): message : этот аргумент используется в качестве размера буфера
C:\WorkSpace\Chunika.D.D-Repos\Lab2\Proj1\Proj1\Proj1.cpp(18,10): warning C4473: "scanf_s": передано недостаточно аргументов для строки формата
C:\WorkSpace\Chunika.D.D-Repos\Lab2\Proj1\Proj1\Proj1.cpp(18,10): message : заполнители и их параметры ожидают переменное число аргументов в количестве 6, но было предоставлено 4
C:\WorkSpace\Chunika.D.D-Repos\Lab2\Proj1\Proj1\Proj1.cpp(18,10): message : отсутствующий вариативный аргумент "5" требуется для строки форматирования "%d"
C:\WorkSpace\Chunika.D.D-Repos\Lab2\Proj1\Proj1\Proj1.cpp(20,10): warning C4477: "scanf_s": в строке форматирования "%s" требуется аргумент типа "unsigned int", но вариативный аргумент "2" имеет тип "char *"
C:\WorkSpace\Chunika.D.D-Repos\Lab2\Proj1\Proj1\Proj1.cpp(20,10): message : этот аргумент используется в качестве размера буфера
C:\WorkSpace\Chunika.D.D-Repos\Lab2\Proj1\Proj1\Proj1.cpp(20,10): warning C4477: "scanf_s": в строке форматирования "%c" требуется аргумент типа "char *", но вариативный аргумент "3" имеет тип "unsigned short *"
C:\WorkSpace\Chunika.D.D-Repos\Lab2\Proj1\Proj1\Proj1.cpp(20,10): message : этот аргумент используется описателем преобразования
C:\WorkSpace\Chunika.D.D-Repos\Lab2\Proj1\Proj1\Proj1.cpp(20,10): warning C4477: "scanf_s": в строке форматирования "%c" требуется аргумент типа "unsigned int", но вариативный аргумент "4" имеет тип "float *"
C:\WorkSpace\Chunika.D.D-Repos\Lab2\Proj1\Proj1\Proj1.cpp(20,10): message : этот аргумент используется в качестве размера буфера
C:\WorkSpace\Chunika.D.D-Repos\Lab2\Proj1\Proj1\Proj1.cpp(20,10): warning C4473: "scanf_s": передано недостаточно аргументов для строки формата
C:\WorkSpace\Chunika.D.D-Repos\Lab2\Proj1\Proj1\Proj1.cpp(20,10): message : заполнители и их параметры ожидают переменное число аргументов в количестве 6, но было предоставлено 4
C:\WorkSpace\Chunika.D.D-Repos\Lab2\Proj1\Proj1\Proj1.cpp(20,10): message : отсутствующий вариативный аргумент "5" требуется для строки форматирования "%d"
C:\WorkSpace\Chunika.D.D-Repos\Lab2\Proj1\Proj1\Proj1.cpp(22,10): warning C4477: "scanf_s": в строке форматирования "%s" требуется аргумент типа "unsigned int", но вариативный аргумент "2" имеет тип "char *"
C:\WorkSpace\Chunika.D.D-Repos\Lab2\Proj1\Proj1\Proj1.cpp(22,10): message : этот аргумент используется в качестве размера буфера
C:\WorkSpace\Chunika.D.D-Repos\Lab2\Proj1\Proj1\Proj1.cpp(22,10): warning C4477: "scanf_s": в строке форматирования "%c" требуется аргумент типа "char *", но вариативный аргумент "3" имеет тип "unsigned short *"
C:\WorkSpace\Chunika.D.D-Repos\Lab2\Proj1\Proj1\Proj1.cpp(22,10): message : этот аргумент используется описателем преобразования
C:\WorkSpace\Chunika.D.D-Repos\Lab2\Proj1\Proj1\Proj1.cpp(22,10): warning C4477: "scanf_s": в строке форматирования "%c" требуется аргумент типа "unsigned int", но вариативный аргумент "4" имеет тип "float *"
C:\WorkSpace\Chunika.D.D-Repos\Lab2\Proj1\Proj1\Proj1.cpp(22,10): message : этот аргумент используется в качестве размера буфера
C:\WorkSpace\Chunika.D.D-Repos\Lab2\Proj1\Proj1\Proj1.cpp(22,10): warning C4473: "scanf_s": передано недостаточно аргументов для строки формата
C:\WorkSpace\Chunika.D.D-Repos\Lab2\Proj1\Proj1\Proj1.cpp(22,10): message : заполнители и их параметры ожидают переменное число аргументов в количестве 6, но было предоставлено 4
C:\WorkSpace\Chunika.D.D-Repos\Lab2\Proj1\Proj1\Proj1.cpp(22,10): message : отсутствующий вариативный аргумент "5" требуется для строки форматирования "%d"
  Proj1.vcxproj -> C:\WorkSpace\Chunika.D.D-Repos\Lab2\Proj1\Debug\Proj1.exe
